# JRE version: OpenJDK Runtime Environment AdoptOpenJDK-11.0.11+9 (11.0.11+9) (build 11.0.11+9)
# Java VM: OpenJDK 64-Bit Server VM AdoptOpenJDK-11.0.11+9 (11.0.11+9, mixed mode, tiered, compressed oops, parallel gc, windows-amd64)
Heap:
 PSYoungGen      total 23040K, used 17920K [0x00000000eab00000, 0x00000000ed900000, 0x0000000100000000)
  eden space 17920K, 100% used [0x00000000eab00000,0x00000000ebc80000,0x00000000ebc80000)
  from space 5120K, 0% used [0x00000000eca80000,0x00000000eca80000,0x00000000ecf80000)
  to   space 14336K, 0% used [0x00000000ebc80000,0x00000000ebc80000,0x00000000eca80000)
 ParOldGen       total 328704K, used 328575K [0x00000000c0000000, 0x00000000d4100000, 0x00000000eab00000)
  object space 328704K, 99% used [0x00000000c0000000,0x00000000d40dfc48,0x00000000d4100000)
 Metaspace       used 63504K, capacity 66783K, committed 67032K, reserved 1107968K
  class space    used 6453K, capacity 7584K, committed 7680K, reserved 1048576K
GC Heap History (20 events):
Event: 69.399 GC heap after
{Heap after GC invocations=275 (full 51):
 PSYoungGen      total 32256K, used 17910K [0x00000000eab00000, 0x00000000ed900000, 0x0000000100000000)
  eden space 17920K, 99% used [0x00000000eab00000,0x00000000ebc7d910,0x00000000ebc80000)
  from space 14336K, 0% used [0x00000000ebc80000,0x00000000ebc80000,0x00000000eca80000)
  to   space 5120K, 0% used [0x00000000eca80000,0x00000000eca80000,0x00000000ecf80000)
 ParOldGen       total 328704K, used 328533K [0x00000000c0000000, 0x00000000d4100000, 0x00000000eab00000)
  object space 328704K, 99% used [0x00000000c0000000,0x00000000d40d56c8,0x00000000d4100000)
 Metaspace       used 63503K, capacity 66783K, committed 67032K, reserved 1107968K
  class space    used 6453K, capacity 7584K, committed 7680K, reserved 1048576K
}
Event: 69.400 GC heap before
{Heap before GC invocations=276 (full 52):
 PSYoungGen      total 32256K, used 17920K [0x00000000eab00000, 0x00000000ed900000, 0x0000000100000000)
  eden space 17920K, 100% used [0x00000000eab00000,0x00000000ebc80000,0x00000000ebc80000)
  from space 14336K, 0% used [0x00000000ebc80000,0x00000000ebc80000,0x00000000eca80000)
  to   space 5120K, 0% used [0x00000000eca80000,0x00000000eca80000,0x00000000ecf80000)
 ParOldGen       total 328704K, used 328533K [0x00000000c0000000, 0x00000000d4100000, 0x00000000eab00000)
  object space 328704K, 99% used [0x00000000c0000000,0x00000000d40d56c8,0x00000000d4100000)
 Metaspace       used 63503K, capacity 66783K, committed 67032K, reserved 1107968K
  class space    used 6453K, capacity 7584K, committed 7680K, reserved 1048576K
}
Event: 69.682 GC heap after
{Heap after GC invocations=276 (full 52):
 PSYoungGen      total 23040K, used 17919K [0x00000000eab00000, 0x00000000ed900000, 0x0000000100000000)
  eden space 17920K, 99% used [0x00000000eab00000,0x00000000ebc7fcb0,0x00000000ebc80000)
  from space 5120K, 0% used [0x00000000eca80000,0x00000000eca80000,0x00000000ecf80000)
  to   space 14336K, 0% used [0x00000000ebc80000,0x00000000ebc80000,0x00000000eca80000)
 ParOldGen       total 328704K, used 328533K [0x00000000c0000000, 0x00000000d4100000, 0x00000000eab00000)
  object space 328704K, 99% used [0x00000000c0000000,0x00000000d40d56c8,0x00000000d4100000)
 Metaspace       used 63503K, capacity 66783K, committed 67032K, reserved 1107968K
  class space    used 6453K, capacity 7584K, committed 7680K, reserved 1048576K
}
Event: 69.683 GC heap before
{Heap before GC invocations=277 (full 53):
 PSYoungGen      total 23040K, used 17919K [0x00000000eab00000, 0x00000000ed900000, 0x0000000100000000)
  eden space 17920K, 99% used [0x00000000eab00000,0x00000000ebc7fff0,0x00000000ebc80000)
  from space 5120K, 0% used [0x00000000eca80000,0x00000000eca80000,0x00000000ecf80000)
  to   space 14336K, 0% used [0x00000000ebc80000,0x00000000ebc80000,0x00000000eca80000)
 ParOldGen       total 328704K, used 328533K [0x00000000c0000000, 0x00000000d4100000, 0x00000000eab00000)
  object space 328704K, 99% used [0x00000000c0000000,0x00000000d40d56c8,0x00000000d4100000)
 Metaspace       used 63503K, capacity 66783K, committed 67032K, reserved 1107968K
  class space    used 6453K, capacity 7584K, committed 7680K, reserved 1048576K
}
Event: 69.975 GC heap after
{Heap after GC invocations=277 (full 53):
 PSYoungGen      total 32256K, used 17918K [0x00000000eab00000, 0x00000000ed900000, 0x0000000100000000)
  eden space 17920K, 99% used [0x00000000eab00000,0x00000000ebc7fb38,0x00000000ebc80000)
  from space 14336K, 0% used [0x00000000ebc80000,0x00000000ebc80000,0x00000000eca80000)
  to   space 5120K, 0% used [0x00000000eca80000,0x00000000eca80000,0x00000000ecf80000)
 ParOldGen       total 328704K, used 328533K [0x00000000c0000000, 0x00000000d4100000, 0x00000000eab00000)
  object space 328704K, 99% used [0x00000000c0000000,0x00000000d40d56c8,0x00000000d4100000)
 Metaspace       used 63503K, capacity 66783K, committed 67032K, reserved 1107968K
  class space    used 6453K, capacity 7584K, committed 7680K, reserved 1048576K
}
Event: 69.976 GC heap before
{Heap before GC invocations=278 (full 54):
 PSYoungGen      total 32256K, used 17919K [0x00000000eab00000, 0x00000000ed900000, 0x0000000100000000)
  eden space 17920K, 99% used [0x00000000eab00000,0x00000000ebc7fff8,0x00000000ebc80000)
  from space 14336K, 0% used [0x00000000ebc80000,0x00000000ebc80000,0x00000000eca80000)
  to   space 5120K, 0% used [0x00000000eca80000,0x00000000eca80000,0x00000000ecf80000)
 ParOldGen       total 328704K, used 328533K [0x00000000c0000000, 0x00000000d4100000, 0x00000000eab00000)
  object space 328704K, 99% used [0x00000000c0000000,0x00000000d40d56c8,0x00000000d4100000)
 Metaspace       used 63503K, capacity 66783K, committed 67032K, reserved 1107968K
  class space    used 6453K, capacity 7584K, committed 7680K, reserved 1048576K
}
Event: 70.288 GC heap after
{Heap after GC invocations=278 (full 54):
 PSYoungGen      total 23040K, used 17918K [0x00000000eab00000, 0x00000000ed900000, 0x0000000100000000)
  eden space 17920K, 99% used [0x00000000eab00000,0x00000000ebc7fbd8,0x00000000ebc80000)
  from space 5120K, 0% used [0x00000000eca80000,0x00000000eca80000,0x00000000ecf80000)
  to   space 14336K, 0% used [0x00000000ebc80000,0x00000000ebc80000,0x00000000eca80000)
 ParOldGen       total 328704K, used 328533K [0x00000000c0000000, 0x00000000d4100000, 0x00000000eab00000)
  object space 328704K, 99% used [0x00000000c0000000,0x00000000d40d56c8,0x00000000d4100000)
 Metaspace       used 63503K, capacity 66783K, committed 67032K, reserved 1107968K
  class space    used 6453K, capacity 7584K, committed 7680K, reserved 1048576K
}
Event: 70.289 GC heap before
{Heap before GC invocations=279 (full 55):
 PSYoungGen      total 23040K, used 17919K [0x00000000eab00000, 0x00000000ed900000, 0x0000000100000000)
  eden space 17920K, 99% used [0x00000000eab00000,0x00000000ebc7fff0,0x00000000ebc80000)
  from space 5120K, 0% used [0x00000000eca80000,0x00000000eca80000,0x00000000ecf80000)
  to   space 14336K, 0% used [0x00000000ebc80000,0x00000000ebc80000,0x00000000eca80000)
 ParOldGen       total 328704K, used 328533K [0x00000000c0000000, 0x00000000d4100000, 0x00000000eab00000)
  object space 328704K, 99% used [0x00000000c0000000,0x00000000d40d56c8,0x00000000d4100000)
 Metaspace       used 63503K, capacity 66783K, committed 67032K, reserved 1107968K
  class space    used 6453K, capacity 7584K, committed 7680K, reserved 1048576K
}
Event: 70.599 GC heap after
{Heap after GC invocations=279 (full 55):
 PSYoungGen      total 32256K, used 17919K [0x00000000eab00000, 0x00000000ed900000, 0x0000000100000000)
  eden space 17920K, 99% used [0x00000000eab00000,0x00000000ebc7fd48,0x00000000ebc80000)
  from space 14336K, 0% used [0x00000000ebc80000,0x00000000ebc80000,0x00000000eca80000)
  to   space 5120K, 0% used [0x00000000eca80000,0x00000000eca80000,0x00000000ecf80000)
 ParOldGen       total 328704K, used 328533K [0x00000000c0000000, 0x00000000d4100000, 0x00000000eab00000)
  object space 328704K, 99% used [0x00000000c0000000,0x00000000d40d56c8,0x00000000d4100000)
 Metaspace       used 63503K, capacity 66783K, committed 67032K, reserved 1107968K
  class space    used 6453K, capacity 7584K, committed 7680K, reserved 1048576K
}
Event: 70.599 GC heap before
{Heap before GC invocations=280 (full 56):
 PSYoungGen      total 32256K, used 17919K [0x00000000eab00000, 0x00000000ed900000, 0x0000000100000000)
  eden space 17920K, 99% used [0x00000000eab00000,0x00000000ebc7ffa8,0x00000000ebc80000)
  from space 14336K, 0% used [0x00000000ebc80000,0x00000000ebc80000,0x00000000eca80000)
  to   space 5120K, 0% used [0x00000000eca80000,0x00000000eca80000,0x00000000ecf80000)
 ParOldGen       total 328704K, used 328533K [0x00000000c0000000, 0x00000000d4100000, 0x00000000eab00000)
  object space 328704K, 99% used [0x00000000c0000000,0x00000000d40d56c8,0x00000000d4100000)
 Metaspace       used 63503K, capacity 66783K, committed 67032K, reserved 1107968K
  class space    used 6453K, capacity 7584K, committed 7680K, reserved 1048576K
}
Event: 70.875 GC heap after
{Heap after GC invocations=280 (full 56):
 PSYoungGen      total 23040K, used 17919K [0x00000000eab00000, 0x00000000ed900000, 0x0000000100000000)
  eden space 17920K, 99% used [0x00000000eab00000,0x00000000ebc7ffa8,0x00000000ebc80000)
  from space 5120K, 0% used [0x00000000eca80000,0x00000000eca80000,0x00000000ecf80000)
  to   space 14336K, 0% used [0x00000000ebc80000,0x00000000ebc80000,0x00000000eca80000)
 ParOldGen       total 328704K, used 328533K [0x00000000c0000000, 0x00000000d4100000, 0x00000000eab00000)
  object space 328704K, 99% used [0x00000000c0000000,0x00000000d40d56c8,0x00000000d4100000)
 Metaspace       used 63503K, capacity 66783K, committed 67032K, reserved 1107968K
  class space    used 6453K, capacity 7584K, committed 7680K, reserved 1048576K
}
Event: 70.875 GC heap before
{Heap before GC invocations=281 (full 57):
 PSYoungGen      total 23040K, used 17920K [0x00000000eab00000, 0x00000000ed900000, 0x0000000100000000)
  eden space 17920K, 100% used [0x00000000eab00000,0x00000000ebc80000,0x00000000ebc80000)
  from space 5120K, 0% used [0x00000000eca80000,0x00000000eca80000,0x00000000ecf80000)
  to   space 14336K, 0% used [0x00000000ebc80000,0x00000000ebc80000,0x00000000eca80000)
 ParOldGen       total 328704K, used 328586K [0x00000000c0000000, 0x00000000d4100000, 0x00000000eab00000)
  object space 328704K, 99% used [0x00000000c0000000,0x00000000d40e2958,0x00000000d4100000)
 Metaspace       used 63503K, capacity 66783K, committed 67032K, reserved 1107968K
  class space    used 6453K, capacity 7584K, committed 7680K, reserved 1048576K
}
Event: 71.155 GC heap after
{Heap after GC invocations=281 (full 57):
 PSYoungGen      total 32256K, used 17918K [0x00000000eab00000, 0x00000000ed900000, 0x0000000100000000)
  eden space 17920K, 99% used [0x00000000eab00000,0x00000000ebc7fad8,0x00000000ebc80000)
  from space 14336K, 0% used [0x00000000ebc80000,0x00000000ebc80000,0x00000000eca80000)
  to   space 5120K, 0% used [0x00000000eca80000,0x00000000eca80000,0x00000000ecf80000)
 ParOldGen       total 328704K, used 328584K [0x00000000c0000000, 0x00000000d4100000, 0x00000000eab00000)
  object space 328704K, 99% used [0x00000000c0000000,0x00000000d40e2170,0x00000000d4100000)
 Metaspace       used 63503K, capacity 66783K, committed 67032K, reserved 1107968K
  class space    used 6453K, capacity 7584K, committed 7680K, reserved 1048576K
}
Event: 71.155 GC heap before
{Heap before GC invocations=282 (full 58):
 PSYoungGen      total 32256K, used 17920K [0x00000000eab00000, 0x00000000ed900000, 0x0000000100000000)
  eden space 17920K, 100% used [0x00000000eab00000,0x00000000ebc80000,0x00000000ebc80000)
  from space 14336K, 0% used [0x00000000ebc80000,0x00000000ebc80000,0x00000000eca80000)
  to   space 5120K, 0% used [0x00000000eca80000,0x00000000eca80000,0x00000000ecf80000)
 ParOldGen       total 328704K, used 328584K [0x00000000c0000000, 0x00000000d4100000, 0x00000000eab00000)
  object space 328704K, 99% used [0x00000000c0000000,0x00000000d40e2170,0x00000000d4100000)
 Metaspace       used 63503K, capacity 66783K, committed 67032K, reserved 1107968K
  class space    used 6453K, capacity 7584K, committed 7680K, reserved 1048576K
}
Event: 71.431 GC heap after
{Heap after GC invocations=282 (full 58):
 PSYoungGen      total 23040K, used 17918K [0x00000000eab00000, 0x00000000ed900000, 0x0000000100000000)
  eden space 17920K, 99% used [0x00000000eab00000,0x00000000ebc7fb30,0x00000000ebc80000)
  from space 5120K, 0% used [0x00000000eca80000,0x00000000eca80000,0x00000000ecf80000)
  to   space 14336K, 0% used [0x00000000ebc80000,0x00000000ebc80000,0x00000000eca80000)
 ParOldGen       total 328704K, used 328583K [0x00000000c0000000, 0x00000000d4100000, 0x00000000eab00000)
  object space 328704K, 99% used [0x00000000c0000000,0x00000000d40e1ec8,0x00000000d4100000)
 Metaspace       used 63503K, capacity 66783K, committed 67032K, reserved 1107968K
  class space    used 6453K, capacity 7584K, committed 7680K, reserved 1048576K
}
Event: 71.431 GC heap before
{Heap before GC invocations=283 (full 59):
 PSYoungGen      total 23040K, used 17920K [0x00000000eab00000, 0x00000000ed900000, 0x0000000100000000)
  eden space 17920K, 100% used [0x00000000eab00000,0x00000000ebc80000,0x00000000ebc80000)
  from space 5120K, 0% used [0x00000000eca80000,0x00000000eca80000,0x00000000ecf80000)
  to   space 14336K, 0% used [0x00000000ebc80000,0x00000000ebc80000,0x00000000eca80000)
 ParOldGen       total 328704K, used 328583K [0x00000000c0000000, 0x00000000d4100000, 0x00000000eab00000)
  object space 328704K, 99% used [0x00000000c0000000,0x00000000d40e1ec8,0x00000000d4100000)
 Metaspace       used 63503K, capacity 66783K, committed 67032K, reserved 1107968K
  class space    used 6453K, capacity 7584K, committed 7680K, reserved 1048576K
}
Event: 71.846 GC heap after
{Heap after GC invocations=283 (full 59):
 PSYoungGen      total 32256K, used 17877K [0x00000000eab00000, 0x00000000ed900000, 0x0000000100000000)
  eden space 17920K, 99% used [0x00000000eab00000,0x00000000ebc75518,0x00000000ebc80000)
  from space 14336K, 0% used [0x00000000ebc80000,0x00000000ebc80000,0x00000000eca80000)
  to   space 5120K, 0% used [0x00000000eca80000,0x00000000eca80000,0x00000000ecf80000)
 ParOldGen       total 328704K, used 328575K [0x00000000c0000000, 0x00000000d4100000, 0x00000000eab00000)
  object space 328704K, 99% used [0x00000000c0000000,0x00000000d40dfeb8,0x00000000d4100000)
 Metaspace       used 63503K, capacity 66783K, committed 67032K, reserved 1107968K
  class space    used 6453K, capacity 7584K, committed 7680K, reserved 1048576K
}
Event: 71.847 GC heap before
{Heap before GC invocations=284 (full 60):
 PSYoungGen      total 32256K, used 17917K [0x00000000eab00000, 0x00000000ed900000, 0x0000000100000000)
  eden space 17920K, 99% used [0x00000000eab00000,0x00000000ebc7f430,0x00000000ebc80000)
  from space 14336K, 0% used [0x00000000ebc80000,0x00000000ebc80000,0x00000000eca80000)
  to   space 5120K, 0% used [0x00000000eca80000,0x00000000eca80000,0x00000000ecf80000)
 ParOldGen       total 328704K, used 328575K [0x00000000c0000000, 0x00000000d4100000, 0x00000000eab00000)
  object space 328704K, 99% used [0x00000000c0000000,0x00000000d40dfeb8,0x00000000d4100000)
 Metaspace       used 63504K, capacity 66783K, committed 67032K, reserved 1107968K
  class space    used 6453K, capacity 7584K, committed 7680K, reserved 1048576K
}
Event: 72.365 GC heap after
{Heap after GC invocations=284 (full 60):
 PSYoungGen      total 23040K, used 17872K [0x00000000eab00000, 0x00000000ed900000, 0x0000000100000000)
  eden space 17920K, 99% used [0x00000000eab00000,0x00000000ebc74118,0x00000000ebc80000)
  from space 5120K, 0% used [0x00000000eca80000,0x00000000eca80000,0x00000000ecf80000)
  to   space 14336K, 0% used [0x00000000ebc80000,0x00000000ebc80000,0x00000000eca80000)
 ParOldGen       total 328704K, used 328575K [0x00000000c0000000, 0x00000000d4100000, 0x00000000eab00000)
  object space 328704K, 99% used [0x00000000c0000000,0x00000000d40dfc48,0x00000000d4100000)
 Metaspace       used 63504K, capacity 66783K, committed 67032K, reserved 1107968K
  class space    used 6453K, capacity 7584K, committed 7680K, reserved 1048576K
}
Event: 72.366 GC heap before
{Heap before GC invocations=285 (full 61):
 PSYoungGen      total 23040K, used 17920K [0x00000000eab00000, 0x00000000ed900000, 0x0000000100000000)
  eden space 17920K, 100% used [0x00000000eab00000,0x00000000ebc80000,0x00000000ebc80000)
  from space 5120K, 0% used [0x00000000eca80000,0x00000000eca80000,0x00000000ecf80000)
  to   space 14336K, 0% used [0x00000000ebc80000,0x00000000ebc80000,0x00000000eca80000)
 ParOldGen       total 328704K, used 328575K [0x00000000c0000000, 0x00000000d4100000, 0x00000000eab00000)
  object space 328704K, 99% used [0x00000000c0000000,0x00000000d40dfc48,0x00000000d4100000)
 Metaspace       used 63504K, capacity 66783K, committed 67032K, reserved 1107968K
  class space    used 6453K, capacity 7584K, committed 7680K, reserved 1048576K
}

